[27-Dec-2013 22:05:38 Asia/Jakarta] 0::session.inc:372: include_once(./tmp/faillog.php): failed to open stream: No such file or directory
[27-Dec-2013 22:05:38 Asia/Jakarta] 0::session.inc:372: include_once(): Failed opening './tmp/faillog.php' for inclusion (include_path='.:/usr/share/php:/usr/share/pear')
[27-Dec-2013 22:05:56 Asia/Jakarta] 0::session.inc:372: include_once(./tmp/faillog.php): failed to open stream: No such file or directory
[27-Dec-2013 22:05:56 Asia/Jakarta] 0::session.inc:372: include_once(): Failed opening './tmp/faillog.php' for inclusion (include_path='.:/usr/share/php:/usr/share/pear')
[27-Dec-2013 22:07:26 Asia/Jakarta] 0:admin:JsHttpRequest.php:470: mb_convert_encoding(): Illegal character encoding specified
[27-Dec-2013 22:07:26 Asia/Jakarta] 0:admin:JsHttpRequest.php:470: mb_convert_encoding(): Illegal character encoding specified
[27-Dec-2013 22:07:26 Asia/Jakarta] 0:admin:JsHttpRequest.php:470: mb_convert_encoding(): Illegal character encoding specified
[27-Dec-2013 22:07:26 Asia/Jakarta] 0:admin:JsHttpRequest.php:470: mb_convert_encoding(): Illegal character encoding specified
[27-Dec-2013 22:07:26 Asia/Jakarta] 0:admin:JsHttpRequest.php:470: mb_convert_encoding(): Illegal character encoding specified
[27-Dec-2013 22:07:26 Asia/Jakarta] 0:admin:JsHttpRequest.php:470: mb_convert_encoding(): Illegal character encoding specified
[27-Dec-2013 22:07:26 Asia/Jakarta] 0:admin:JsHttpRequest.php:470: mb_convert_encoding(): Illegal character encoding specified
[27-Dec-2013 22:07:26 Asia/Jakarta] 0:admin:JsHttpRequest.php:470: mb_convert_encoding(): Illegal character encoding specified
[27-Dec-2013 22:07:26 Asia/Jakarta] 0:admin:JsHttpRequest.php:470: mb_convert_encoding(): Illegal character encoding specified
[27-Dec-2013 22:07:26 Asia/Jakarta] 0:admin:JsHttpRequest.php:470: mb_convert_encoding(): Illegal character encoding specified
[27-Dec-2013 22:07:26 Asia/Jakarta] 0:admin:JsHttpRequest.php:470: mb_convert_encoding(): Illegal character encoding specified
[27-Dec-2013 22:07:26 Asia/Jakarta] 0:admin:JsHttpRequest.php:470: mb_convert_encoding(): Illegal character encoding specified
[27-Dec-2013 22:07:26 Asia/Jakarta] 0:admin:JsHttpRequest.php:470: mb_convert_encoding(): Illegal character encoding specified
[27-Dec-2013 22:07:26 Asia/Jakarta] 0:admin:JsHttpRequest.php:470: mb_convert_encoding(): Illegal character encoding specified
[27-Dec-2013 22:07:26 Asia/Jakarta] 0:admin:JsHttpRequest.php:470: mb_convert_encoding(): Illegal character encoding specified
[27-Dec-2013 22:07:35 Asia/Jakarta] 0:admin:JsHttpRequest.php:470: mb_convert_encoding(): Illegal character encoding specified
[27-Dec-2013 22:07:35 Asia/Jakarta] 0:admin:JsHttpRequest.php:470: mb_convert_encoding(): Illegal character encoding specified
[27-Dec-2013 22:07:35 Asia/Jakarta] 0:admin:JsHttpRequest.php:470: mb_convert_encoding(): Illegal character encoding specified
[27-Dec-2013 22:07:35 Asia/Jakarta] 0:admin:JsHttpRequest.php:470: mb_convert_encoding(): Illegal character encoding specified
[27-Dec-2013 22:07:35 Asia/Jakarta] 0:admin:JsHttpRequest.php:470: mb_convert_encoding(): Illegal character encoding specified
[27-Dec-2013 22:07:35 Asia/Jakarta] 0:admin:JsHttpRequest.php:470: mb_convert_encoding(): Illegal character encoding specified
[27-Dec-2013 22:07:35 Asia/Jakarta] 0:admin:JsHttpRequest.php:470: mb_convert_encoding(): Illegal character encoding specified
[27-Dec-2013 22:07:35 Asia/Jakarta] 0:admin:JsHttpRequest.php:470: mb_convert_encoding(): Illegal character encoding specified
[27-Dec-2013 22:07:35 Asia/Jakarta] 0:admin:JsHttpRequest.php:470: mb_convert_encoding(): Illegal character encoding specified
[27-Dec-2013 22:07:47 Asia/Jakarta] 0:admin:JsHttpRequest.php:470: mb_convert_encoding(): Illegal character encoding specified
[27-Dec-2013 22:07:47 Asia/Jakarta] 0:admin:JsHttpRequest.php:470: mb_convert_encoding(): Illegal character encoding specified
[27-Dec-2013 22:07:47 Asia/Jakarta] 0:admin:JsHttpRequest.php:470: mb_convert_encoding(): Illegal character encoding specified
[27-Dec-2013 22:07:47 Asia/Jakarta] 0:admin:JsHttpRequest.php:470: mb_convert_encoding(): Illegal character encoding specified
[27-Dec-2013 22:07:47 Asia/Jakarta] 0:admin:JsHttpRequest.php:470: mb_convert_encoding(): Illegal character encoding specified
[27-Dec-2013 22:07:47 Asia/Jakarta] 0:admin:JsHttpRequest.php:470: mb_convert_encoding(): Illegal character encoding specified
[27-Dec-2013 22:07:47 Asia/Jakarta] 0:admin:JsHttpRequest.php:470: mb_convert_encoding(): Illegal character encoding specified
[27-Dec-2013 22:07:47 Asia/Jakarta] 0:admin:JsHttpRequest.php:470: mb_convert_encoding(): Illegal character encoding specified
[27-Dec-2013 22:07:47 Asia/Jakarta] 0:admin:JsHttpRequest.php:470: mb_convert_encoding(): Illegal character encoding specified
[27-Dec-2013 22:07:51 Asia/Jakarta] 0:admin:JsHttpRequest.php:470: mb_convert_encoding(): Illegal character encoding specified
[27-Dec-2013 22:07:51 Asia/Jakarta] 0:admin:JsHttpRequest.php:470: mb_convert_encoding(): Illegal character encoding specified
[27-Dec-2013 22:07:51 Asia/Jakarta] 0:admin:JsHttpRequest.php:470: mb_convert_encoding(): Illegal character encoding specified
[27-Dec-2013 22:07:51 Asia/Jakarta] 0:admin:JsHttpRequest.php:470: mb_convert_encoding(): Illegal character encoding specified
[27-Dec-2013 22:07:51 Asia/Jakarta] 0:admin:JsHttpRequest.php:470: mb_convert_encoding(): Illegal character encoding specified
[27-Dec-2013 22:07:51 Asia/Jakarta] 0:admin:JsHttpRequest.php:470: mb_convert_encoding(): Illegal character encoding specified
[27-Dec-2013 22:07:51 Asia/Jakarta] 0:admin:JsHttpRequest.php:470: mb_convert_encoding(): Illegal character encoding specified
[27-Dec-2013 22:07:51 Asia/Jakarta] 0:admin:JsHttpRequest.php:470: mb_convert_encoding(): Illegal character encoding specified
[27-Dec-2013 22:07:51 Asia/Jakarta] 0:admin:JsHttpRequest.php:470: mb_convert_encoding(): Illegal character encoding specified
[27-Dec-2013 22:07:51 Asia/Jakarta] 0:admin:JsHttpRequest.php:470: mb_convert_encoding(): Illegal character encoding specified
[27-Dec-2013 22:07:51 Asia/Jakarta] 0:admin:JsHttpRequest.php:470: mb_convert_encoding(): Illegal character encoding specified
[27-Dec-2013 22:07:51 Asia/Jakarta] 0:admin:JsHttpRequest.php:470: mb_convert_encoding(): Illegal character encoding specified
[27-Dec-2013 22:07:51 Asia/Jakarta] 0:admin:JsHttpRequest.php:470: mb_convert_encoding(): Illegal character encoding specified
[27-Dec-2013 22:07:54 Asia/Jakarta] 0:admin:JsHttpRequest.php:470: mb_convert_encoding(): Illegal character encoding specified
[27-Dec-2013 22:07:54 Asia/Jakarta] 0:admin:JsHttpRequest.php:470: mb_convert_encoding(): Illegal character encoding specified
[27-Dec-2013 22:07:54 Asia/Jakarta] 0:admin:JsHttpRequest.php:470: mb_convert_encoding(): Illegal character encoding specified
[27-Dec-2013 22:07:54 Asia/Jakarta] 0:admin:JsHttpRequest.php:470: mb_convert_encoding(): Illegal character encoding specified
[27-Dec-2013 22:07:54 Asia/Jakarta] 0:admin:JsHttpRequest.php:470: mb_convert_encoding(): Illegal character encoding specified
[27-Dec-2013 22:07:54 Asia/Jakarta] 0:admin:JsHttpRequest.php:470: mb_convert_encoding(): Illegal character encoding specified
[27-Dec-2013 22:07:54 Asia/Jakarta] 0:admin:JsHttpRequest.php:470: mb_convert_encoding(): Illegal character encoding specified
[27-Dec-2013 22:07:54 Asia/Jakarta] 0:admin:JsHttpRequest.php:470: mb_convert_encoding(): Illegal character encoding specified
[27-Dec-2013 22:07:54 Asia/Jakarta] 0:admin:JsHttpRequest.php:470: mb_convert_encoding(): Illegal character encoding specified
[27-Dec-2013 22:07:54 Asia/Jakarta] 0:admin:JsHttpRequest.php:470: mb_convert_encoding(): Illegal character encoding specified
[27-Dec-2013 22:07:54 Asia/Jakarta] 0:admin:JsHttpRequest.php:470: mb_convert_encoding(): Illegal character encoding specified
[27-Dec-2013 22:07:54 Asia/Jakarta] 0:admin:JsHttpRequest.php:470: mb_convert_encoding(): Illegal character encoding specified
[27-Dec-2013 22:07:54 Asia/Jakarta] 0:admin:JsHttpRequest.php:470: mb_convert_encoding(): Illegal character encoding specified
[27-Dec-2013 22:07:54 Asia/Jakarta] 0:admin:JsHttpRequest.php:470: mb_convert_encoding(): Illegal character encoding specified
[27-Dec-2013 22:07:54 Asia/Jakarta] 0:admin:JsHttpRequest.php:470: mb_convert_encoding(): Illegal character encoding specified
[27-Dec-2013 22:07:54 Asia/Jakarta] 0:admin:JsHttpRequest.php:470: mb_convert_encoding(): Illegal character encoding specified
[27-Dec-2013 22:07:54 Asia/Jakarta] 0:admin:JsHttpRequest.php:470: mb_convert_encoding(): Illegal character encoding specified
[27-Dec-2013 22:07:58 Asia/Jakarta] 0:admin:JsHttpRequest.php:470: mb_convert_encoding(): Illegal character encoding specified
[27-Dec-2013 22:07:58 Asia/Jakarta] 0:admin:JsHttpRequest.php:470: mb_convert_encoding(): Illegal character encoding specified
[27-Dec-2013 22:07:58 Asia/Jakarta] 0:admin:JsHttpRequest.php:470: mb_convert_encoding(): Illegal character encoding specified
[27-Dec-2013 22:07:58 Asia/Jakarta] 0:admin:JsHttpRequest.php:470: mb_convert_encoding(): Illegal character encoding specified
[27-Dec-2013 22:07:58 Asia/Jakarta] 0:admin:JsHttpRequest.php:470: mb_convert_encoding(): Illegal character encoding specified
[27-Dec-2013 22:07:58 Asia/Jakarta] 0:admin:JsHttpRequest.php:470: mb_convert_encoding(): Illegal character encoding specified
[27-Dec-2013 22:07:58 Asia/Jakarta] 0:admin:JsHttpRequest.php:470: mb_convert_encoding(): Illegal character encoding specified
[27-Dec-2013 22:07:58 Asia/Jakarta] 0:admin:JsHttpRequest.php:470: mb_convert_encoding(): Illegal character encoding specified
[27-Dec-2013 22:07:58 Asia/Jakarta] 0:admin:JsHttpRequest.php:470: mb_convert_encoding(): Illegal character encoding specified
[27-Dec-2013 22:07:58 Asia/Jakarta] 0:admin:JsHttpRequest.php:470: mb_convert_encoding(): Illegal character encoding specified
[27-Dec-2013 22:07:58 Asia/Jakarta] 0:admin:JsHttpRequest.php:470: mb_convert_encoding(): Illegal character encoding specified
[27-Dec-2013 22:07:58 Asia/Jakarta] 0:admin:JsHttpRequest.php:470: mb_convert_encoding(): Illegal character encoding specified
[27-Dec-2013 22:07:58 Asia/Jakarta] 0:admin:JsHttpRequest.php:470: mb_convert_encoding(): Illegal character encoding specified
[27-Dec-2013 22:07:58 Asia/Jakarta] 0:admin:JsHttpRequest.php:470: mb_convert_encoding(): Illegal character encoding specified
[27-Dec-2013 22:07:58 Asia/Jakarta] 0:admin:JsHttpRequest.php:470: mb_convert_encoding(): Illegal character encoding specified
[27-Dec-2013 22:07:58 Asia/Jakarta] 0:admin:JsHttpRequest.php:470: mb_convert_encoding(): Illegal character encoding specified
[27-Dec-2013 22:07:58 Asia/Jakarta] 0:admin:JsHttpRequest.php:470: mb_convert_encoding(): Illegal character encoding specified
[27-Dec-2013 22:08:48 Asia/Jakarta] 0:admin:JsHttpRequest.php:470: mb_convert_encoding(): Illegal character encoding specified
[27-Dec-2013 22:08:48 Asia/Jakarta] 0:admin:JsHttpRequest.php:470: mb_convert_encoding(): Illegal character encoding specified
[27-Dec-2013 22:08:48 Asia/Jakarta] 0:admin:JsHttpRequest.php:470: mb_convert_encoding(): Illegal character encoding specified
[27-Dec-2013 22:08:48 Asia/Jakarta] 0:admin:JsHttpRequest.php:470: mb_convert_encoding(): Illegal character encoding specified
[27-Dec-2013 22:08:48 Asia/Jakarta] 0:admin:JsHttpRequest.php:470: mb_convert_encoding(): Illegal character encoding specified
[27-Dec-2013 22:08:48 Asia/Jakarta] 0:admin:JsHttpRequest.php:470: mb_convert_encoding(): Illegal character encoding specified
[27-Dec-2013 22:08:48 Asia/Jakarta] 0:admin:JsHttpRequest.php:470: mb_convert_encoding(): Illegal character encoding specified
[27-Dec-2013 22:08:48 Asia/Jakarta] 0:admin:JsHttpRequest.php:470: mb_convert_encoding(): Illegal character encoding specified
[27-Dec-2013 22:08:48 Asia/Jakarta] 0:admin:JsHttpRequest.php:470: mb_convert_encoding(): Illegal character encoding specified
[27-Dec-2013 22:08:48 Asia/Jakarta] 0:admin:JsHttpRequest.php:470: mb_convert_encoding(): Illegal character encoding specified
[27-Dec-2013 22:08:48 Asia/Jakarta] 0:admin:JsHttpRequest.php:470: mb_convert_encoding(): Illegal character encoding specified
[27-Dec-2013 22:09:22 Asia/Jakarta] 0:admin:JsHttpRequest.php:470: mb_convert_encoding(): Illegal character encoding specified
[27-Dec-2013 22:09:22 Asia/Jakarta] 0:admin:JsHttpRequest.php:470: mb_convert_encoding(): Illegal character encoding specified
[27-Dec-2013 22:09:22 Asia/Jakarta] 0:admin:JsHttpRequest.php:470: mb_convert_encoding(): Illegal character encoding specified
[27-Dec-2013 22:09:22 Asia/Jakarta] 0:admin:JsHttpRequest.php:470: mb_convert_encoding(): Illegal character encoding specified
[27-Dec-2013 22:09:22 Asia/Jakarta] 0:admin:JsHttpRequest.php:470: mb_convert_encoding(): Illegal character encoding specified
[27-Dec-2013 22:09:22 Asia/Jakarta] 0:admin:JsHttpRequest.php:470: mb_convert_encoding(): Illegal character encoding specified
[27-Dec-2013 22:09:22 Asia/Jakarta] 0:admin:JsHttpRequest.php:470: mb_convert_encoding(): Illegal character encoding specified
[27-Dec-2013 22:09:22 Asia/Jakarta] 0:admin:JsHttpRequest.php:470: mb_convert_encoding(): Illegal character encoding specified
[27-Dec-2013 22:09:22 Asia/Jakarta] 0:admin:JsHttpRequest.php:470: mb_convert_encoding(): Illegal character encoding specified
[27-Dec-2013 22:09:22 Asia/Jakarta] 0:admin:JsHttpRequest.php:470: mb_convert_encoding(): Illegal character encoding specified
[27-Dec-2013 22:09:22 Asia/Jakarta] 0:admin:JsHttpRequest.php:470: mb_convert_encoding(): Illegal character encoding specified
[27-Dec-2013 22:09:22 Asia/Jakarta] 0:admin:JsHttpRequest.php:470: mb_convert_encoding(): Illegal character encoding specified
[27-Dec-2013 22:09:22 Asia/Jakarta] 0:admin:JsHttpRequest.php:470: mb_convert_encoding(): Illegal character encoding specified
[27-Dec-2013 22:09:22 Asia/Jakarta] 0:admin:JsHttpRequest.php:470: mb_convert_encoding(): Illegal character encoding specified
[27-Dec-2013 22:09:22 Asia/Jakarta] 0:admin:JsHttpRequest.php:470: mb_convert_encoding(): Illegal character encoding specified
[27-Dec-2013 22:09:22 Asia/Jakarta] 0:admin:JsHttpRequest.php:470: mb_convert_encoding(): Illegal character encoding specified
[27-Dec-2013 22:09:22 Asia/Jakarta] 0:admin:JsHttpRequest.php:470: mb_convert_encoding(): Illegal character encoding specified
[27-Dec-2013 22:09:22 Asia/Jakarta] 0:admin:JsHttpRequest.php:470: mb_convert_encoding(): Illegal character encoding specified
[27-Dec-2013 22:09:22 Asia/Jakarta] 0:admin:JsHttpRequest.php:470: mb_convert_encoding(): Illegal character encoding specified
[27-Dec-2013 22:09:30 Asia/Jakarta] 0:admin:JsHttpRequest.php:470: mb_convert_encoding(): Illegal character encoding specified
[27-Dec-2013 22:09:30 Asia/Jakarta] 0:admin:JsHttpRequest.php:470: mb_convert_encoding(): Illegal character encoding specified
[27-Dec-2013 22:09:30 Asia/Jakarta] 0:admin:JsHttpRequest.php:470: mb_convert_encoding(): Illegal character encoding specified
[27-Dec-2013 22:09:30 Asia/Jakarta] 0:admin:JsHttpRequest.php:470: mb_convert_encoding(): Illegal character encoding specified
[27-Dec-2013 22:09:33 Asia/Jakarta] 1 language code "id_ID", encoding "UTF-8" not supported by your system
[27-Dec-2013 22:09:33 Asia/Jakarta] 0:admin:tcpdf.php:2609: include(/home/wildan/jobstuff/OpenThinkLabs/Pelanggan/Komunitas/FrontAccounting/webapps/frontaccounting/reporting/includes/../fonts/dejavu.php): failed to open stream: No such file or directory
[27-Dec-2013 22:09:33 Asia/Jakarta] 0:admin:tcpdf.php:2609: include(): Failed opening '/home/wildan/jobstuff/OpenThinkLabs/Pelanggan/Komunitas/FrontAccounting/webapps/frontaccounting/reporting/includes/../fonts/dejavu.php' for inclusion (include_path='.:/usr/share/php:/usr/share/pear')
[27-Dec-2013 22:09:33 Asia/Jakarta] 0:admin:JsHttpRequest.php:470: mb_convert_encoding(): Illegal character encoding specified
[27-Dec-2013 22:09:33 Asia/Jakarta] 0:admin:JsHttpRequest.php:470: mb_convert_encoding(): Illegal character encoding specified
